<?xml version="1.0" encoding="UTF-8"?>
<!-- Generated by org.testng.reporters.JUnitReportReporter -->
<testsuite hostname="DESKTOP-D1G2NUT" name="com.test.AshishTestNG" tests="1" failures="0" timestamp="14 Sep 2019 10:41:20 GMT" time="0.005" errors="0">
  <testcase name="Login" time="0.005" classname="com.test.AshishTestNG"/>
</testsuite> <!-- com.test.AshishTestNG -->
